[debug] > Exec(early(addDefaultCommands), None, None)
[debug] > Exec(addDefaultCommands, None, None)
[debug] > Exec(early(initialize), None, None)
[debug] > Exec(initialize, None, None)
[debug] > Exec(boot, None, None)
[debug] > Exec(writeSbtVersion, None, None)
[debug] > Exec(reload, None, None)
[debug] > Exec(sbtStashOnFailure, None, None)
[debug] > Exec(onFailure loadFailed, None, None)
[debug] > Exec(loadp, None, None)
[info] welcome to sbt 1.7.1 (Azul Systems, Inc. Java 13.0.11)
[debug]       Load.loadUnit: plugins took 162.238478ms
[debug]       Load.loadUnit: defsScala took 0.564106ms
[debug] [Loading] Scanning directory /home/jm/.sbt/1.0/plugins
[debug] [Loading] Found non-root projects 
[debug] [Loading] Done in /home/jm/.sbt/1.0/plugins, returning: ()
[debug] deducing auto plugins based on known facts Set(Atom(sbt.plugins.CorePlugin)) and clauses Clauses(Clause(Atom(sbt.plugins.JvmPlugin),Set(Atom(sbt.plugins.IvyPlugin)))
[debug] Clause(Atom(sbt.ScriptedPlugin),Set(Atom(sbt.plugins.JvmPlugin)))
[debug] Clause(Atom(sbt.plugins.SbtPlugin),Set(Atom(sbt.ScriptedPlugin)))
[debug] Clause(Atom(sbt.plugins.SemanticdbPlugin),Set(Atom(sbt.plugins.JvmPlugin)))
[debug] Clause(Atom(sbt.plugins.JUnitXmlReportPlugin),Set(Atom(sbt.plugins.JvmPlugin)))
[debug] Clause(Atom(sbt.plugins.MiniDependencyTreePlugin),Set(Atom(sbt.plugins.JvmPlugin)))
[debug] Clause(Atom(sbt.plugins.CorePlugin),Set(Atom(sbt.plugins.IvyPlugin)))
[debug] Clause(Atom(sbt.plugins.IvyPlugin),Set(Atom(sbt.plugins.JvmPlugin)))
[debug] Clause(Atom(sbt.plugins.JvmPlugin),Set(Atom(sbt.plugins.SemanticdbPlugin)))
[debug] Clause(Atom(sbt.plugins.JvmPlugin),Set(Atom(sbt.plugins.JUnitXmlReportPlugin)))
[debug] Clause(Atom(sbt.plugins.CorePlugin),Set(Atom(sbt.plugins.Giter8TemplatePlugin)))
[debug] Clause(Atom(sbt.plugins.JvmPlugin),Set(Atom(sbt.plugins.MiniDependencyTreePlugin))))
[debug]   :: deduced result: Matched(sbt.plugins.CorePlugin,sbt.plugins.Giter8TemplatePlugin,sbt.plugins.IvyPlugin,sbt.plugins.JvmPlugin,sbt.plugins.MiniDependencyTreePlugin,sbt.plugins.JUnitXmlReportPlugin,sbt.plugins.SemanticdbPlugin)
[debug] Plugins.deducer#function took 44.476869 ms
[debug]           Load.resolveProject(global-plugins) took 82.146883ms
[debug]         Load.loadTransitive: finalizeProject(Project(id global-plugins, base: /home/jm/.sbt/1.0/plugins, plugins: List(<none>))) took 169.6762ms
[debug] [Loading] Done in /home/jm/.sbt/1.0/plugins, returning: (global-plugins)
[debug]       Load.loadUnit: loadedProjectsRaw took 208.179788ms
[debug]       Load.loadUnit: cleanEvalClasses took 0.461767ms
[debug]     Load.loadUnit(file:/home/jm/.sbt/1.0/plugins/, ...) took 392.517629ms
[debug]   Load.apply: load took 747.29695ms
[debug]   Load.apply: resolveProjects took 9.060056ms
[debug]   Load.apply: finalTransforms took 87.050205ms
[debug]   Load.apply: config.delegates took 9.013341ms
[debug]   Load.apply: Def.make(settings)... took 1008.218383ms
[debug]   Load.apply: structureIndex took 197.624415ms
[debug]   Load.apply: mkStreams took 2.354911ms
[info] loading global plugins from /home/jm/.sbt/1.0/plugins
[debug] Running task... Cancel: Signal, check cycles: false, forcegc: true
[debug] Load.defaultLoad until apply took 4903.527327ms
[debug]           Load.loadUnit: plugins took 24.238319ms
[debug]           Load.loadUnit: defsScala took 0.005307ms
[debug] [Loading] Scanning directory /home/jm/Prog/scalaplayground/scala-udemy-course/project
[debug] [Loading] Found non-root projects 
[debug] [Loading] Done in /home/jm/Prog/scalaplayground/scala-udemy-course/project, returning: ()
[debug] deducing auto plugins based on known facts Set(Atom(sbt.plugins.CorePlugin)) and clauses Clauses(Clause(Atom(sbt.plugins.JvmPlugin),Set(Atom(sbt.plugins.IvyPlugin)))
[debug] Clause(Atom(sbt.ScriptedPlugin),Set(Atom(sbt.plugins.JvmPlugin)))
[debug] Clause(Atom(sbt.plugins.SbtPlugin),Set(Atom(sbt.ScriptedPlugin)))
[debug] Clause(Atom(sbt.plugins.SemanticdbPlugin),Set(Atom(sbt.plugins.JvmPlugin)))
[debug] Clause(Atom(sbt.plugins.JUnitXmlReportPlugin),Set(Atom(sbt.plugins.JvmPlugin)))
[debug] Clause(Atom(sbt.plugins.MiniDependencyTreePlugin),Set(Atom(sbt.plugins.JvmPlugin)))
[debug] Clause(Atom(sbt.plugins.CorePlugin),Set(Atom(sbt.plugins.IvyPlugin)))
[debug] Clause(Atom(sbt.plugins.IvyPlugin),Set(Atom(sbt.plugins.JvmPlugin)))
[debug] Clause(Atom(sbt.plugins.JvmPlugin),Set(Atom(sbt.plugins.SemanticdbPlugin)))
[debug] Clause(Atom(sbt.plugins.JvmPlugin),Set(Atom(sbt.plugins.JUnitXmlReportPlugin)))
[debug] Clause(Atom(sbt.plugins.CorePlugin),Set(Atom(sbt.plugins.Giter8TemplatePlugin)))
[debug] Clause(Atom(sbt.plugins.JvmPlugin),Set(Atom(sbt.plugins.MiniDependencyTreePlugin))))
[debug]   :: deduced result: Matched(sbt.plugins.CorePlugin,sbt.plugins.Giter8TemplatePlugin,sbt.plugins.IvyPlugin,sbt.plugins.JvmPlugin,sbt.plugins.MiniDependencyTreePlugin,sbt.plugins.JUnitXmlReportPlugin,sbt.plugins.SemanticdbPlugin)
[debug] Plugins.deducer#function took 3.783028 ms
[debug]               Load.resolveProject(scala-udemy-course-build) took 1.719323ms
[debug]             Load.loadTransitive: finalizeProject(Project(id scala-udemy-course-build, base: /home/jm/Prog/scalaplayground/scala-udemy-course/project, plugins: List(<none>))) took 6.581277ms
[debug] [Loading] Done in /home/jm/Prog/scalaplayground/scala-udemy-course/project, returning: (scala-udemy-course-build)
[debug]           Load.loadUnit: loadedProjectsRaw took 9.264709ms
[debug]           Load.loadUnit: cleanEvalClasses took 0.017401ms
[debug]         Load.loadUnit(file:/home/jm/Prog/scalaplayground/scala-udemy-course/project/, ...) took 34.381237ms
[debug]       Load.apply: load took 36.601599ms
[debug]       Load.apply: resolveProjects took 0.144833ms
[debug]       Load.apply: finalTransforms took 17.801741ms
[debug]       Load.apply: config.delegates took 0.640828ms
[debug]       Load.apply: Def.make(settings)... took 164.466335ms
[debug]       Load.apply: structureIndex took 45.342905ms
[debug]       Load.apply: mkStreams took 0.00329ms
[info] loading project definition from /home/jm/Prog/scalaplayground/scala-udemy-course/project
[debug] Running task... Cancel: Signal, check cycles: false, forcegc: true
[debug]     Load.loadUnit: plugins took 1677.5897ms
[debug]     Load.loadUnit: defsScala took 0.006311ms
[debug] [Loading] Scanning directory /home/jm/Prog/scalaplayground/scala-udemy-course
[debug]       Load.loadUnit: mkEval took 14.768486ms
[debug] [Loading] Found root project root w/ remaining 
[debug] deducing auto plugins based on known facts Set(Atom(sbt.plugins.CorePlugin)) and clauses Clauses(Clause(Atom(sbt.plugins.JvmPlugin),Set(Atom(sbt.plugins.IvyPlugin)))
[debug] Clause(Atom(sbt.ScriptedPlugin),Set(Atom(sbt.plugins.JvmPlugin)))
[debug] Clause(Atom(sbt.plugins.SbtPlugin),Set(Atom(sbt.ScriptedPlugin)))
[debug] Clause(Atom(sbt.plugins.SemanticdbPlugin),Set(Atom(sbt.plugins.JvmPlugin)))
[debug] Clause(Atom(sbt.plugins.JUnitXmlReportPlugin),Set(Atom(sbt.plugins.JvmPlugin)))
[debug] Clause(Atom(sbt.plugins.MiniDependencyTreePlugin),Set(Atom(sbt.plugins.JvmPlugin)))
[debug] Clause(Atom(sbt.plugins.CorePlugin),Set(Atom(sbt.plugins.IvyPlugin)))
[debug] Clause(Atom(sbt.plugins.IvyPlugin),Set(Atom(sbt.plugins.JvmPlugin)))
[debug] Clause(Atom(sbt.plugins.JvmPlugin),Set(Atom(sbt.plugins.SemanticdbPlugin)))
[debug] Clause(Atom(sbt.plugins.JvmPlugin),Set(Atom(sbt.plugins.JUnitXmlReportPlugin)))
[debug] Clause(Atom(sbt.plugins.CorePlugin),Set(Atom(sbt.plugins.Giter8TemplatePlugin)))
[debug] Clause(Atom(sbt.plugins.JvmPlugin),Set(Atom(sbt.plugins.MiniDependencyTreePlugin))))
[debug]   :: deduced result: Matched(sbt.plugins.CorePlugin,sbt.plugins.Giter8TemplatePlugin,sbt.plugins.IvyPlugin,sbt.plugins.JvmPlugin,sbt.plugins.MiniDependencyTreePlugin,sbt.plugins.JUnitXmlReportPlugin,sbt.plugins.SemanticdbPlugin)
[debug] Plugins.deducer#function took 2.157175 ms
[info] loading settings for project root from build.sbt ...
[debug]         Load.resolveProject(root) took 2.793903ms
[debug]       Load.loadTransitive: finalizeProject(Project(id root, base: /home/jm/Prog/scalaplayground/scala-udemy-course, plugins: List(<none>))) took 6.425532ms
[debug] [Loading] Done in /home/jm/Prog/scalaplayground/scala-udemy-course, returning: (root)
[debug]     Load.loadUnit: loadedProjectsRaw took 3773.203055ms
[debug]     Load.loadUnit: cleanEvalClasses took 4.524632ms
[debug]   Load.loadUnit(file:/home/jm/Prog/scalaplayground/scala-udemy-course/, ...) took 5456.328548ms
[debug] Load.apply: load took 5457.900514ms
[debug] Load.apply: resolveProjects took 0.106176ms
[debug] Load.apply: finalTransforms took 15.125884ms
[debug] Load.apply: config.delegates took 0.463742ms
[debug] Load.apply: Def.make(settings)... took 117.319608ms
[debug] Load.apply: structureIndex took 45.673993ms
[debug] Load.apply: mkStreams took 0.008054ms
[info] set current project to scala-udemy-course (in build file:/home/jm/Prog/scalaplayground/scala-udemy-course/)
[debug] > Exec(sbtPopOnFailure, None, None)
[debug] > Exec(resumeFromFailure, None, None)
[debug] > Exec(notifyUsersAboutShell, None, None)
[debug] > Exec(iflast shell, None, None)
[debug] > Exec(shell, None, None)
[info] sbt server started at local:///home/jm/.sbt/1.0/server/fb157e4437f86b381fef/sock
[debug] Writing bsp connection file
[info] started sbt server
